MIG: 12:34:54 : Running customizer.xit
MIG: 12:34:54 : ################# RUNNING MIG INTERACTIVE ###################
MIG: 12:34:54 : Writing IN file for 'mig_7series_0'...compDirPath: c:/Xilinx/Vivado/2018.2/data/ip/xilinx/mig_7series_v4_1... instDirPath: c:/Users/hp/AppData/Roaming/Xilinx/Vivado/.Xil/Vivado-14620-LAPTOP-KQA1L2VP/coregen/mig_7series_0
MIG: 12:34:54 : synp_flow:  -- synthesis_mode: Other
MIG: 12:34:54 : outputDirectory: c:/Users/hp/AppData/Roaming/Xilinx/Vivado/.Xil/Vivado-14620-LAPTOP-KQA1L2VP/coregen/mig_7series_0/_tmp/
MIG: 12:34:54 : vivado_mode: xpg_pa
MIG: 12:34:54 :  locked false  
MIG: 12:34:54 : HDL Language: Verilog
MIG: 12:34:54 : compInfo: true
MIG: 12:34:54 : relative mig path: coregen/ip/xilinx/other/com/xilinx/ip/mig_7series_v4_1/bin/nt64/mig.exe
MIG: 12:34:54 : xilinx_path: C:/Xilinx/Vivado/2018.2/ids_lite/ISE
MIG: 12:34:54 : I am in catch area
MIG: 12:34:54 : Running C:/Xilinx/Vivado/2018.2/ids_lite/ISE/coregen/ip/xilinx/other/com/xilinx/ip/mig_7series_v4_1/bin/nt64/mig.exe -cg_exc_inp c:/Users/hp/AppData/Roaming/Xilinx/Vivado/.Xil/Vivado-14620-LAPTOP-KQA1L2VP/coregen/mig_7series_0/xil_txt.in -cg_exc_out c:/Users/hp/AppData/Roaming/Xilinx/Vivado/.Xil/Vivado-14620-LAPTOP-KQA1L2VP/coregen/mig_7series_0/xil_txt.out ... 
MIG: 12:40:40 : Prasad before: xmlPropertyPrj --  .prj
MIG: 12:40:40 : Prasad After: xmlPropertyPrj -- mig_a.prj
MIG: 12:40:40 : XML_INPUT_FILE: c:/Users/hp/AppData/Roaming/Xilinx/Vivado/.Xil/Vivado-14620-LAPTOP-KQA1L2VP/coregen/mig_7series_0/mig_a.prj
MIG: 12:40:40 : Component_Name: mig_7_0
MIG: 12:40:40 : Moving mig_7_0 ...
MIG: 12:40:40 : Moving mig_7_0.veo ...
MIG: 12:40:40 : Moving mig_7_0_xmdf.tcl ...
MIG: 12:40:40 : Sending back 0
MIG: 12:40:42 : xml_input_file: mig_a.prj
MIG: 12:40:43 : Absolute path of xml_input_file: e:/verilog/project_mig/project_mig.srcs/sources_1/ip/mig_7_0/mig_a.prj
MIG: 12:40:43 : xml_input_file: mig_a.prj
MIG: 12:40:43 : Absolute path of xml_input_file: e:/verilog/project_mig/project_mig.srcs/sources_1/ip/mig_7_0/mig_a.prj
MIG: 12:40:43 : In updateAllModelParams
MIG: 12:40:43 : IGN:     <ModuleName>mig_7_0</ModuleName> <==>     <ModuleName>mig_7_0</ModuleName> 
MIG: 12:40:43 : IGN:         <InputClkFreq>400</InputClkFreq> <==>         <InputClkFreq>400</InputClkFreq> 
MIG: 12:40:43 : XGUI hdlLanguage: Verilog
MIG: 12:40:43 : xgui vivado_mode: xpg_pa
MIG: 12:40:43 : xgui hdlLanguage: Verilog -- hdlExt: v
MIG: 12:40:43 : Reading E:/verilog/project_mig/project_mig.srcs/sources_1/ip/mig_7_0/mig_7_0/user_design/rtl/mig_7_0_mig.v ...
MIG: 12:40:43 : 1
MIG: 12:40:43 : Inside fn mem: DDR3
MIG: 12:40:43 : detect_uiclk: 100000000
MIG: 12:40:43 : cntrl:  memtype: DDR3
MIG: 12:40:43 : 800
MIG: 12:40:43 :  MMCM_VCO single ctrl param_name: MMCM_VCO --  possibleMaxVcoVal: 800 
MIG: 12:40:43 : 
MIG: 12:40:43 : 
MIG: 12:40:43 : 100000000
MIG: 12:40:43 : 
MIG: 12:40:43 :  polarity_value: 1
MIG: 12:40:43 : 
MIG: 12:40:43 : 
MIG: 12:40:43 : cntrl:  memtype: DDR3
MIG: 12:40:43 : 
MIG: 12:40:43 :  Valid Param: DDR3_BANK_WIDTH ==> 3
MIG: 12:40:43 : 
MIG: 12:40:43 :  Valid Param: DDR3_CK_WIDTH ==> 1
MIG: 12:40:43 :  Invalid Param: DDR3_COL_WIDTH ==> 10
MIG: 12:40:43 : 
MIG: 12:40:43 :  Valid Param: DDR3_CS_WIDTH ==> 1
MIG: 12:40:43 : 
MIG: 12:40:43 :  Valid Param: DDR3_nCS_PER_RANK ==> 1
MIG: 12:40:43 : 
MIG: 12:40:43 :  Valid Param: DDR3_CKE_WIDTH ==> 1
MIG: 12:40:43 :  Invalid Param: DDR3_DATA_BUF_ADDR_WIDTH ==> 5
MIG: 12:40:43 :  Invalid Param: DDR3_DQ_CNT_WIDTH ==> 4
MIG: 12:40:43 :  Invalid Param: DDR3_DQ_PER_DM ==> 8
MIG: 12:40:43 : 2
MIG: 12:40:43 :  Valid Param: DDR3_DM_WIDTH ==> 2
MIG: 12:40:43 : 16
MIG: 12:40:43 :  Valid Param: DDR3_DQ_WIDTH ==> 16
MIG: 12:40:43 : 2
MIG: 12:40:43 :  Valid Param: DDR3_DQS_WIDTH ==> 2
MIG: 12:40:43 : 
MIG: 12:40:43 :  Valid Param: DDR3_DQS_CNT_WIDTH ==> 1
MIG: 12:40:43 :  Invalid Param: DDR3_DRAM_WIDTH ==> 8
MIG: 12:40:43 : 
MIG: 12:40:43 :  Valid Param: ECC ==> OFF
MIG: 12:40:43 : 16
MIG: 12:40:43 :  Valid Param: DDR3_DATA_WIDTH ==> 16
MIG: 12:40:43 :  Invalid Param: ECC_TEST ==> "OFF"
MIG: 12:40:43 :  Invalid Param: DDR3_PAYLOAD_WIDTH ==> (ECC_TEST == "OFF") ? DATA_WIDTH : DQ_WIDTH
MIG: 12:40:43 :  Invalid Param: DDR3_MEM_ADDR_ORDER ==> "BANK_ROW_COLUMN"
MIG: 12:40:43 :  Invalid Param: DDR3_nBANK_MACHS ==> 4
MIG: 12:40:43 :  Invalid Param: DDR3_RANKS ==> 1
MIG: 12:40:43 : 
MIG: 12:40:43 :  Valid Param: DDR3_ODT_WIDTH ==> 1
MIG: 12:40:43 : 
MIG: 12:40:43 :  Valid Param: DDR3_ROW_WIDTH ==> 14
MIG: 12:40:43 : 28
MIG: 12:40:43 :  Valid Param: DDR3_ADDR_WIDTH ==> 28
MIG: 12:40:43 : 
MIG: 12:40:43 :  Valid Param: DDR3_USE_CS_PORT ==> 1
MIG: 12:40:43 : 
MIG: 12:40:43 :  Valid Param: DDR3_USE_DM_PORT ==> 1
MIG: 12:40:43 : 
MIG: 12:40:43 :  Valid Param: DDR3_USE_ODT_PORT ==> 1
MIG: 12:40:43 :  Invalid Param: DDR3_IS_CLK_SHARED ==> "FALSE"
MIG: 12:40:43 :  Invalid Param: DDR3_PHY_CONTROL_MASTER_BANK ==> 0
MIG: 12:40:43 :  Invalid Param: DDR3_MEM_DENSITY ==> "1Gb"
MIG: 12:40:43 :  Invalid Param: DDR3_MEM_SPEEDGRADE ==> "125"
MIG: 12:40:43 :  Invalid Param: DDR3_MEM_DEVICE_WIDTH ==> 8
MIG: 12:40:43 :  Invalid Param: DDR3_AL ==> "0"
MIG: 12:40:43 :  Invalid Param: DDR3_nAL ==> 0
MIG: 12:40:43 :  Invalid Param: DDR3_BURST_MODE ==> "8"
MIG: 12:40:43 :  Invalid Param: DDR3_BURST_TYPE ==> "SEQ"
MIG: 12:40:43 :  Invalid Param: DDR3_CL ==> 6
MIG: 12:40:43 :  Invalid Param: DDR3_CWL ==> 5
MIG: 12:40:43 :  Invalid Param: DDR3_OUTPUT_DRV ==> "HIGH"
MIG: 12:40:43 :  Invalid Param: DDR3_RTT_NOM ==> "60"
MIG: 12:40:43 :  Invalid Param: DDR3_RTT_WR ==> "OFF"
MIG: 12:40:43 :  Invalid Param: DDR3_ADDR_CMD_MODE ==> "1T"
MIG: 12:40:43 : 
MIG: 12:40:43 :  Valid Param: DDR3_REG_CTRL ==> OFF
MIG: 12:40:43 :  Invalid Param: DDR3_CA_MIRROR ==> "OFF"
MIG: 12:40:43 :  Invalid Param: DDR3_VDD_OP_VOLT ==> "150"
MIG: 12:40:43 :  Invalid Param: DDR3_CLKIN_PERIOD ==> 2500
MIG: 12:40:43 :  Invalid Param: DDR3_CLKFBOUT_MULT ==> 2
MIG: 12:40:43 :  Invalid Param: DDR3_DIVCLK_DIVIDE ==> 1
MIG: 12:40:43 :  Invalid Param: DDR3_CLKOUT0_PHASE ==> 0.0
MIG: 12:40:43 :  Invalid Param: DDR3_CLKOUT0_DIVIDE ==> 1
MIG: 12:40:43 :  Invalid Param: DDR3_CLKOUT1_DIVIDE ==> 2
MIG: 12:40:43 :  Invalid Param: DDR3_CLKOUT2_DIVIDE ==> 32
MIG: 12:40:43 :  Invalid Param: DDR3_CLKOUT3_DIVIDE ==> 8
MIG: 12:40:43 :  Invalid Param: DDR3_MMCM_VCO ==> 800
MIG: 12:40:43 :  Invalid Param: DDR3_MMCM_MULT_F ==> 8
MIG: 12:40:43 :  Invalid Param: DDR3_MMCM_DIVCLK_DIVIDE ==> 1
MIG: 12:40:43 :  Invalid Param: DDR3_tCKE ==> 5000
MIG: 12:40:43 :  Invalid Param: DDR3_tFAW ==> 30000
MIG: 12:40:43 :  Invalid Param: DDR3_tPRDI ==> 1_000_000
MIG: 12:40:43 :  Invalid Param: DDR3_tRAS ==> 35000
MIG: 12:40:43 :  Invalid Param: DDR3_tRCD ==> 13750
MIG: 12:40:43 :  Invalid Param: DDR3_tREFI ==> 7800000
MIG: 12:40:43 :  Invalid Param: DDR3_tRFC ==> 110000
MIG: 12:40:43 :  Invalid Param: DDR3_tRP ==> 13750
MIG: 12:40:43 :  Invalid Param: DDR3_tRRD ==> 6000
MIG: 12:40:43 :  Invalid Param: DDR3_tRTP ==> 7500
MIG: 12:40:43 :  Invalid Param: DDR3_tWTR ==> 7500
MIG: 12:40:43 :  Invalid Param: DDR3_tZQI ==> 128_000_000
MIG: 12:40:43 :  Invalid Param: DDR3_tZQCS ==> 64
MIG: 12:40:43 :  Invalid Param: DDR3_SIM_BYPASS_INIT_CAL ==> "OFF"
MIG: 12:40:43 :  Invalid Param: DDR3_SIMULATION ==> "FALSE"
MIG: 12:40:43 :  Invalid Param: DDR3_BYTE_LANES_B0 ==> 4'b1111
MIG: 12:40:43 :  Invalid Param: DDR3_BYTE_LANES_B1 ==> 4'b0001
MIG: 12:40:43 :  Invalid Param: DDR3_BYTE_LANES_B2 ==> 4'b0000
MIG: 12:40:43 :  Invalid Param: DDR3_BYTE_LANES_B3 ==> 4'b0000
MIG: 12:40:43 :  Invalid Param: DDR3_BYTE_LANES_B4 ==> 4'b0000
MIG: 12:40:43 :  Invalid Param: DDR3_DATA_CTL_B0 ==> 4'b0001
MIG: 12:40:43 :  Invalid Param: DDR3_DATA_CTL_B1 ==> 4'b0001
MIG: 12:40:43 :  Invalid Param: DDR3_DATA_CTL_B2 ==> 4'b0000
MIG: 12:40:43 :  Invalid Param: DDR3_DATA_CTL_B3 ==> 4'b0000
MIG: 12:40:43 :  Invalid Param: DDR3_DATA_CTL_B4 ==> 4'b0000
MIG: 12:40:43 :  Invalid Param: DDR3_PHY_0_BITLANES ==> 48'h3FE_FFF_C00_2FF
MIG: 12:40:43 :  Invalid Param: DDR3_PHY_1_BITLANES ==> 48'h000_000_000_2FF
MIG: 12:40:43 :  Invalid Param: DDR3_PHY_2_BITLANES ==> 48'h000_000_000_000
MIG: 12:40:43 :  Invalid Param: DDR3_CK_BYTE_MAP ==> 144'h00_00_00_00_00_00_00_00_00_00_00_00_00_00_00_00_00_03
MIG: 12:40:43 :  Invalid Param: DDR3_ADDR_MAP ==> 192'h000_000_039_038_037_036_035_034_033_032_031_029_028_027_026_02B
MIG: 12:40:43 :  Invalid Param: DDR3_BANK_MAP ==> 36'h02A_025_024
MIG: 12:40:43 :  Invalid Param: DDR3_CAS_MAP ==> 12'h022
MIG: 12:40:43 :  Invalid Param: DDR3_CKE_ODT_BYTE_MAP ==> 8'h00
MIG: 12:40:43 :  Invalid Param: DDR3_CKE_MAP ==> 96'h000_000_000_000_000_000_000_01B
MIG: 12:40:43 :  Invalid Param: DDR3_ODT_MAP ==> 96'h000_000_000_000_000_000_000_01A
MIG: 12:40:43 :  Invalid Param: DDR3_CS_MAP ==> 120'h000_000_000_000_000_000_000_000_000_020
MIG: 12:40:43 :  Invalid Param: DDR3_PARITY_MAP ==> 12'h000
MIG: 12:40:43 :  Invalid Param: DDR3_RAS_MAP ==> 12'h023
MIG: 12:40:43 :  Invalid Param: DDR3_WE_MAP ==> 12'h021
MIG: 12:40:43 :  Invalid Param: DDR3_DQS_BYTE_MAP ==> 144'h00_00_00_00_00_00_00_00_00_00_00_00_00_00_00_00_10_00
MIG: 12:40:43 :  Invalid Param: DDR3_DATA0_MAP ==> 96'h000_001_002_003_004_005_006_007
MIG: 12:40:43 :  Invalid Param: DDR3_DATA1_MAP ==> 96'h100_101_102_103_104_105_106_107
MIG: 12:40:43 :  Invalid Param: DDR3_DATA2_MAP ==> 96'h000_000_000_000_000_000_000_000
MIG: 12:40:43 :  Invalid Param: DDR3_DATA3_MAP ==> 96'h000_000_000_000_000_000_000_000
MIG: 12:40:43 :  Invalid Param: DDR3_DATA4_MAP ==> 96'h000_000_000_000_000_000_000_000
MIG: 12:40:43 :  Invalid Param: DDR3_DATA5_MAP ==> 96'h000_000_000_000_000_000_000_000
MIG: 12:40:43 :  Invalid Param: DDR3_DATA6_MAP ==> 96'h000_000_000_000_000_000_000_000
MIG: 12:40:43 :  Invalid Param: DDR3_DATA7_MAP ==> 96'h000_000_000_000_000_000_000_000
MIG: 12:40:43 :  Invalid Param: DDR3_DATA8_MAP ==> 96'h000_000_000_000_000_000_000_000
MIG: 12:40:43 :  Invalid Param: DDR3_DATA9_MAP ==> 96'h000_000_000_000_000_000_000_000
MIG: 12:40:43 :  Invalid Param: DDR3_DATA10_MAP ==> 96'h000_000_000_000_000_000_000_000
MIG: 12:40:43 :  Invalid Param: DDR3_DATA11_MAP ==> 96'h000_000_000_000_000_000_000_000
MIG: 12:40:43 :  Invalid Param: DDR3_DATA12_MAP ==> 96'h000_000_000_000_000_000_000_000
MIG: 12:40:43 :  Invalid Param: DDR3_DATA13_MAP ==> 96'h000_000_000_000_000_000_000_000
MIG: 12:40:43 :  Invalid Param: DDR3_DATA14_MAP ==> 96'h000_000_000_000_000_000_000_000
MIG: 12:40:43 :  Invalid Param: DDR3_DATA15_MAP ==> 96'h000_000_000_000_000_000_000_000
MIG: 12:40:43 :  Invalid Param: DDR3_DATA16_MAP ==> 96'h000_000_000_000_000_000_000_000
MIG: 12:40:43 :  Invalid Param: DDR3_DATA17_MAP ==> 96'h000_000_000_000_000_000_000_000
MIG: 12:40:43 :  Invalid Param: DDR3_MASK0_MAP ==> 108'h000_000_000_000_000_000_000_109_009
MIG: 12:40:43 :  Invalid Param: DDR3_MASK1_MAP ==> 108'h000_000_000_000_000_000_000_000_000
MIG: 12:40:43 :  Invalid Param: DDR3_SLOT_0_CONFIG ==> 8'b0000_0001
MIG: 12:40:43 :  Invalid Param: DDR3_SLOT_1_CONFIG ==> 8'b0000_0000
MIG: 12:40:43 :  Invalid Param: DDR3_IBUF_LPWR_MODE ==> "OFF"
MIG: 12:40:43 :  Invalid Param: DDR3_DATA_IO_IDLE_PWRDWN ==> "ON"
MIG: 12:40:43 :  Invalid Param: DDR3_BANK_TYPE ==> "HR_IO"
MIG: 12:40:43 :  Invalid Param: DDR3_DATA_IO_PRIM_TYPE ==> "HR_LP"
MIG: 12:40:43 :  Invalid Param: DDR3_CKE_ODT_AUX ==> "FALSE"
MIG: 12:40:43 :  Invalid Param: DDR3_USER_REFRESH ==> "OFF"
MIG: 12:40:43 :  Invalid Param: DDR3_WRLVL ==> "ON"
MIG: 12:40:43 :  Invalid Param: DDR3_ORDERING ==> "NORM"
MIG: 12:40:43 :  Invalid Param: DDR3_CALIB_ROW_ADD ==> 16'h0000
MIG: 12:40:43 :  Invalid Param: DDR3_CALIB_COL_ADD ==> 12'h000
MIG: 12:40:43 :  Invalid Param: DDR3_CALIB_BA_ADD ==> 3'h0
MIG: 12:40:43 :  Invalid Param: DDR3_TCQ ==> 100
MIG: 12:40:43 :  Invalid Param: DDR3_IDELAY_ADJ ==> "OFF"
MIG: 12:40:43 :  Invalid Param: DDR3_FINE_PER_BIT ==> "OFF"
MIG: 12:40:43 :  Invalid Param: DDR3_CENTER_COMP_MODE ==> "OFF"
MIG: 12:40:43 :  Invalid Param: DDR3_PI_VAL_ADJ ==> "OFF"
MIG: 12:40:43 :  Invalid Param: DDR3_IODELAY_GRP0 ==> "MIG_7_0_IODELAY_MIG0"
MIG: 12:40:43 :  Invalid Param: DDR3_IODELAY_GRP1 ==> "MIG_7_0_IODELAY_MIG1"
MIG: 12:40:43 :  Invalid Param: DDR3_SYSCLK_TYPE ==> "DIFFERENTIAL"
MIG: 12:40:43 :  Invalid Param: DDR3_REFCLK_TYPE ==> "DIFFERENTIAL"
MIG: 12:40:43 :  Invalid Param: DDR3_SYS_RST_PORT ==> "FALSE"
MIG: 12:40:43 :  Invalid Param: DDR3_FPGA_SPEED_GRADE ==> 1
MIG: 12:40:43 :  Invalid Param: DDR3_CMD_PIPE_PLUS1 ==> "ON"
MIG: 12:40:43 :  Invalid Param: DDR3_DRAM_TYPE ==> "DDR3"
MIG: 12:40:43 :  Invalid Param: DDR3_CAL_WIDTH ==> "HALF"
MIG: 12:40:43 :  Invalid Param: DDR3_STARVE_LIMIT ==> 2
MIG: 12:40:43 :  Invalid Param: DDR3_REF_CLK_MMCM_IODELAY_CTRL ==> "FALSE"
MIG: 12:40:43 :  Invalid Param: DDR3_REFCLK_FREQ ==> 200.0
MIG: 12:40:43 :  Invalid Param: DDR3_DIFF_TERM_REFCLK ==> "FALSE"
MIG: 12:40:43 :  Invalid Param: DDR3_tCK ==> 2500
MIG: 12:40:43 : 4
MIG: 12:40:43 :  Valid Param: DDR3_nCK_PER_CLK ==> 4
MIG: 12:40:43 :  Invalid Param: DDR3_DIFF_TERM_SYSCLK ==> "FALSE"
MIG: 12:40:43 : 
MIG: 12:40:43 :  Valid Param: DDR3_DEBUG_PORT ==> OFF
MIG: 12:40:43 : 
MIG: 12:40:43 :  Invalid Param: DDR3_TEMP_MON_CONTROL ==> "INTERNAL"
MIG: 12:40:43 :  Invalid Param: DDR3_FPGA_VOLT_TYPE ==> "N"
MIG: 12:40:43 :  Invalid Param: DDR3_RST_ACT_LOW ==> 1
MIG: 12:40:43 : 
MIG: 12:40:43 : 
MIG: 12:40:43 : 
MIG: 12:40:43 : Same Interface
MIG: 12:40:48 : Running synthesis.xit
MIG: 12:40:48 : IGN:     <ModuleName>mig_7_0</ModuleName> <==>     <ModuleName>mig_7_0</ModuleName> 
MIG: 12:40:48 : IGN:         <InputClkFreq>400</InputClkFreq> <==>         <InputClkFreq>400</InputClkFreq> 
MIG: 12:40:48 : Running vlog_synth_rpr.xit
MIG: 12:40:49 : IGN:     <ModuleName>mig_7_0</ModuleName> <==>     <ModuleName>mig_7_0</ModuleName> 
MIG: 12:40:49 : IGN:         <InputClkFreq>400</InputClkFreq> <==>         <InputClkFreq>400</InputClkFreq> 
MIG: 12:40:49 : Running simulation.xit
MIG: 12:40:49 : IGN:     <ModuleName>mig_7_0</ModuleName> <==>     <ModuleName>mig_7_0</ModuleName> 
MIG: 12:40:49 : IGN:         <InputClkFreq>400</InputClkFreq> <==>         <InputClkFreq>400</InputClkFreq> 
MIG: 12:40:49 : Running vlog_sim_rpr.xit .. PRASAD DBG1
MIG: 12:40:49 : IGN:     <ModuleName>mig_7_0</ModuleName> <==>     <ModuleName>mig_7_0</ModuleName> 
MIG: 12:40:49 : IGN:         <InputClkFreq>400</InputClkFreq> <==>         <InputClkFreq>400</InputClkFreq> 
MIG: 12:40:50 : Running implementation.xit
MIG: 12:40:50 : IGN:     <ModuleName>mig_7_0</ModuleName> <==>     <ModuleName>mig_7_0</ModuleName> 
MIG: 12:40:50 : IGN:         <InputClkFreq>400</InputClkFreq> <==>         <InputClkFreq>400</InputClkFreq> 
MIG: 12:45:37 : Running example_syn.xit
MIG: 12:45:37 : IGN:     <ModuleName>mig_7_0</ModuleName> <==>     <ModuleName>mig_7_0</ModuleName> 
MIG: 12:45:37 : IGN:         <InputClkFreq>400</InputClkFreq> <==>         <InputClkFreq>400</InputClkFreq> 
MIG: 12:45:37 : Running example_sim.xit
MIG: 12:45:38 : IGN:     <ModuleName>mig_7_0</ModuleName> <==>     <ModuleName>mig_7_0</ModuleName> 
MIG: 12:45:38 : IGN:         <InputClkFreq>400</InputClkFreq> <==>         <InputClkFreq>400</InputClkFreq> 
MIG: 12:45:38 : MEM_TECH: DDR3_SDRAM
MIG: 12:45:38 : axi -- NATIVE
MIG: 12:45:38 : data_depth -- 1024
