#-----------------------------------------------------------
# Vivado v2018.2 (64-bit)
# SW Build 2258646 on Thu Jun 14 20:03:12 MDT 2018
# IP Build 2256618 on Thu Jun 14 22:10:49 MDT 2018
# Start of session at: Wed Jan 26 16:37:50 2022
# Process ID: 21372
# Current directory: E:/verilog/verilog/mig_7_0_ex
# Command line: vivado.exe -gui_launcher_event rodinguilauncherevent29420 E:\verilog\verilog\mig_7_0_ex\mig_7_0_ex.xpr
# Log file: E:/verilog/verilog/mig_7_0_ex/vivado.log
# Journal file: E:/verilog/verilog/mig_7_0_ex\vivado.jou
#-----------------------------------------------------------
start_gui
open_project E:/verilog/verilog/mig_7_0_ex/mig_7_0_ex.xpr
INFO: [Project 1-313] Project file moved from 'e:/verilog/mig_7_0_ex' since last save.
Scanning sources...
Finished scanning sources
INFO: [IP_Flow 19-234] Refreshing IP repositories
INFO: [IP_Flow 19-1704] No user IP repositories specified
INFO: [IP_Flow 19-2313] Loaded Vivado IP repository 'C:/Xilinx/Vivado/2018.2/data/ip'.
open_project: Time (s): cpu = 00:00:19 ; elapsed = 00:00:15 . Memory (MB): peak = 823.258 ; gain = 89.902
update_compile_order -fileset sources_1
exit
INFO: [Common 17-206] Exiting Vivado at Wed Jan 26 16:38:45 2022...
